<?xml version="1.0" encoding="UTF-8"?>
<!-- Generated by org.testng.reporters.JUnitReportReporter -->
<testsuite hostname="LAPTOP-JKRBLPFM" failures="0" tests="6" name="day2.PositiveContactList" time="4.810" errors="0" timestamp="08 Oct 2021 06:19:52 GMT" skipped="2">
  <testcase classname="day2.PositiveContactList" name="AddContact" time="3.055"/>
  <testcase classname="day2.PositiveContactList" name="deleteContact" time="0.595"/>
  <testcase classname="day2.PositiveContactList" name="updateContact" time="0.592"/>
  <testcase classname="day2.PositiveContactList" name="getSpecificContact2" time="0.568"/>
  <testcase classname="day2.PositiveContactList" name="getSpecificContact">
    <skipped/>
  </testcase> <!-- getSpecificContact -->
  <testcase classname="day2.PositiveContactList" name="getContactListInfo">
    <skipped/>
  </testcase> <!-- getContactListInfo -->
</testsuite> <!-- day2.PositiveContactList -->
