<?xml version="1.0" encoding="UTF-8"?>
<!-- Generated by org.testng.reporters.JUnitReportReporter -->
<testsuite hostname="LAPTOP-JKRBLPFM" failures="0" tests="3" name="day2.NegativeTesting" time="3.096" errors="0" timestamp="08 Oct 2021 07:15:23 GMT" skipped="2">
  <testcase classname="day2.NegativeTesting" name="addingInvalidCharacter" time="3.096"/>
  <testcase classname="day2.NegativeTesting" name="addingContactMissingParameter">
    <skipped/>
  </testcase> <!-- addingContactMissingParameter -->
  <testcase classname="day2.NegativeTesting" name="addingTooManyCharacter">
    <skipped/>
  </testcase> <!-- addingTooManyCharacter -->
</testsuite> <!-- day2.NegativeTesting -->
