<?xml version="1.0" encoding="UTF-8"?>
<!-- Generated by org.testng.reporters.JUnitReportReporter -->
<testsuite hostname="LAPTOP-JKRBLPFM" failures="0" tests="2" name="day2.GitHub" time="0.155" errors="0" timestamp="11 Oct 2021 06:17:37 GMT" skipped="1">
  <testcase classname="day2.GitHub" name="createRepositories" time="0.155"/>
  <testcase classname="day2.GitHub" name="gettingAllRepositories">
    <skipped/>
  </testcase> <!-- gettingAllRepositories -->
</testsuite> <!-- day2.GitHub -->
