<?xml version="1.0" encoding="UTF-8"?>
<!-- Generated by org.testng.reporters.JUnitReportReporter -->
<testsuite hostname="LAPTOP-JKRBLPFM" failures="0" tests="4" name="day1.WeatherApi" time="3.374" errors="0" timestamp="07 Oct 2021 13:30:13 GMT" skipped="1">
  <testcase classname="day1.WeatherApi" name="getWeather4" time="0.504"/>
  <testcase classname="day1.WeatherApi" name="getWeather2" time="2.414"/>
  <testcase classname="day1.WeatherApi" name="getWeather3" time="0.456"/>
  <testcase classname="day1.WeatherApi" name="getWeather">
    <skipped/>
  </testcase> <!-- getWeather -->
</testsuite> <!-- day1.WeatherApi -->
