<?xml version="1.0" encoding="UTF-8"?>
<!-- Generated by org.testng.reporters.JUnitReportReporter -->
<testsuite hostname="LAPTOP-JKRBLPFM" failures="0" tests="1" name="day2.GitHub22" time="3.352" errors="0" timestamp="08 Oct 2021 09:12:59 GMT" skipped="0">
  <testcase classname="day2.GitHub22" name="gettingAllRepoitories" time="3.352"/>
</testsuite> <!-- day2.GitHub22 -->
